<?xml version="1.0" encoding="UTF-8"?>
<testng-results ignored="0" total="1" passed="1" failed="0" skipped="0">
  <reporter-output>
  </reporter-output>
  <suite started-at="2023-06-06T16:39:51 IST" name="Default suite" finished-at="2023-06-06T16:40:47 IST" duration-ms="56630">
    <groups>
    </groups>
    <test started-at="2023-06-06T16:39:51 IST" name="Default test" finished-at="2023-06-06T16:40:47 IST" duration-ms="56630">
      <class name="sup.SureFireTest">
        <test-method signature="test()[pri:0, instance:sup.SureFireTest@76908cc0]" started-at="2023-06-06T16:39:51 IST" name="test" finished-at="2023-06-06T16:40:47 IST" duration-ms="56600" status="PASS">
          <reporter-output>
          </reporter-output>
        </test-method> <!-- test -->
      </class> <!-- sup.SureFireTest -->
    </test> <!-- Default test -->
  </suite> <!-- Default suite -->
</testng-results>
